TN:
SF:proxy.ts
FN:6,proxy
FNF:1
FNH:1
FNDA:23,proxy
DA:7,23
DA:9,23
DA:11,23
DA:20,23
DA:24,23
DA:25,7
DA:31,16
DA:32,6
DA:33,6
DA:34,2
DA:36,4
DA:37,4
DA:38,3
DA:39,3
DA:40,3
DA:42,1
DA:46,10
DA:47,6
DA:51,4
DA:54,4
DA:56,4
DA:57,2
DA:58,2
DA:59,2
DA:60,2
DA:63,2
DA:66,1
LF:27
LH:27
BRDA:11,0,0,23
BRDA:11,0,1,22
BRDA:11,0,2,20
BRDA:11,0,3,19
BRDA:11,0,4,18
BRDA:11,0,5,18
BRDA:20,1,0,23
BRDA:20,1,1,21
BRDA:20,1,2,19
BRDA:24,2,0,7
BRDA:24,2,1,16
BRDA:31,3,0,6
BRDA:31,3,1,10
BRDA:33,4,0,2
BRDA:33,4,1,4
BRDA:37,5,0,3
BRDA:37,5,1,1
BRDA:46,6,0,6
BRDA:46,6,1,4
BRDA:56,7,0,2
BRDA:56,7,1,2
BRF:21
BRH:21
end_of_record
TN:
SF:app\api\admin\login\route.ts
FN:19,getClientIp
FN:27,isRateLimited
FN:44,resetAttempts
FN:51,POST
FNF:4
FNH:4
FNDA:17,getClientIp
FNDA:17,isRateLimited
FNDA:8,resetAttempts
FNDA:17,POST
DA:9,17
DA:10,17
DA:17,17
DA:20,17
DA:28,17
DA:29,17
DA:31,17
DA:32,17
DA:33,17
DA:36,0
DA:37,0
DA:40,0
DA:41,0
DA:45,8
DA:52,17
DA:53,17
DA:55,17
DA:56,0
DA:62,17
DA:64,16
DA:65,1
DA:68,15
DA:69,15
DA:71,15
DA:72,3
DA:73,3
DA:77,12
DA:82,12
DA:88,12
DA:91,3
DA:98,9
DA:99,9
DA:101,9
DA:102,1
DA:106,8
DA:108,8
DA:109,8
DA:117,8
DA:119,1
LF:39
LH:34
BRDA:21,0,0,17
BRDA:21,0,1,17
BRDA:21,0,2,17
BRDA:31,1,0,17
BRDA:31,1,1,0
BRDA:31,2,0,17
BRDA:31,2,1,0
BRDA:36,3,0,0
BRDA:36,3,1,0
BRDA:55,4,0,0
BRDA:55,4,1,17
BRDA:64,5,0,1
BRDA:64,5,1,15
BRDA:64,6,0,16
BRDA:64,6,1,15
BRDA:71,7,0,3
BRDA:71,7,1,12
BRDA:71,8,0,15
BRDA:71,8,1,13
BRDA:88,9,0,3
BRDA:88,9,1,9
BRDA:88,10,0,12
BRDA:88,10,1,9
BRDA:101,11,0,1
BRDA:101,11,1,8
BRF:25
BRH:20
end_of_record
TN:
SF:app\api\admin\logout\route.ts
FN:3,POST
FNF:1
FNH:1
FNDA:7,POST
DA:4,7
DA:5,7
DA:12,7
LF:3
LH:3
BRF:0
BRH:0
end_of_record
TN:
SF:app\api\admin\verify\route.ts
FN:9,GET
FNF:1
FNH:0
FNDA:0,GET
DA:10,0
DA:11,0
DA:13,0
DA:14,0
DA:17,0
LF:5
LH:0
BRDA:13,0,0,0
BRDA:13,0,1,0
BRF:2
BRH:0
end_of_record
TN:
SF:lib\admin-auth.ts
FN:30,getAdminSession
FN:75,requireAdmin
FN:77,(anonymous_2)
FNF:3
FNH:2
FNDA:5,getAdminSession
FNDA:4,requireAdmin
FNDA:0,(anonymous_2)
DA:34,5
DA:35,5
DA:39,5
DA:41,4
DA:42,1
DA:45,3
DA:51,3
DA:52,1
DA:55,2
DA:60,1
DA:76,4
DA:77,4
DA:81,4
DA:83,4
DA:84,1
DA:87,3
DA:93,3
DA:94,2
DA:97,1
LF:19
LH:19
BRDA:41,0,0,1
BRDA:41,0,1,3
BRDA:51,1,0,1
BRDA:51,1,1,2
BRDA:51,2,0,3
BRDA:51,2,1,2
BRDA:83,3,0,1
BRDA:83,3,1,3
BRDA:93,4,0,2
BRDA:93,4,1,1
BRDA:93,5,0,3
BRDA:93,5,1,2
BRF:12
BRH:12
end_of_record
TN:
SF:lib\cors.ts
FN:38,handleOptions
FN:44,withCors
FN:46,(anonymous_2)
FNF:3
FNH:3
FNDA:6,handleOptions
FNDA:4,withCors
FNDA:20,(anonymous_2)
DA:22,15
DA:27,15
DA:39,6
DA:45,4
DA:46,20
DA:48,4
LF:6
LH:6
BRDA:22,0,0,15
BRDA:22,0,1,14
BRDA:22,1,0,2
BRDA:22,1,1,12
BRDA:24,2,0,2
BRDA:24,2,1,1
BRF:6
BRH:6
end_of_record
TN:
SF:lib\supabase.ts
FN:38,createReservation
FN:50,getReservationsForRoom
FN:62,getRooms
FN:74,generateConfirmationNumber
FN:81,convertTimeFormat
FN:94,convertFrom24To12Format
FNF:6
FNH:3
FNDA:0,createReservation
FNDA:0,getReservationsForRoom
FNDA:0,getRooms
FNDA:153,generateConfirmationNumber
FNDA:15,convertTimeFormat
FNDA:23,convertFrom24To12Format
DA:5,1
DA:39,0
DA:41,0
DA:42,0
DA:43,0
DA:46,0
DA:51,0
DA:53,0
DA:54,0
DA:55,0
DA:58,0
DA:63,0
DA:65,0
DA:66,0
DA:67,0
DA:70,0
DA:75,153
DA:76,153
DA:77,153
DA:82,15
DA:83,15
DA:86,15
DA:87,15
DA:90,15
DA:95,23
DA:96,23
DA:97,23
DA:102,23
DA:103,23
DA:105,23
LF:30
LH:15
BRDA:41,0,0,0
BRDA:41,0,1,0
BRDA:53,1,0,0
BRDA:53,1,1,0
BRDA:58,2,0,0
BRDA:58,2,1,0
BRDA:65,3,0,0
BRDA:65,3,1,0
BRDA:70,4,0,0
BRDA:70,4,1,0
BRDA:86,5,0,6
BRDA:86,5,1,9
BRDA:86,6,0,15
BRDA:86,6,1,8
BRDA:87,7,0,2
BRDA:87,7,1,13
BRDA:87,8,0,15
BRDA:87,8,1,7
BRDA:97,9,0,11
BRDA:97,9,1,12
BRDA:102,10,0,8
BRDA:102,10,1,15
BRDA:103,11,0,3
BRDA:103,11,1,20
BRF:24
BRH:14
end_of_record
