TN:
SF:app\api\admin\login\route.ts
FN:5,POST
FNF:1
FNH:1
FNDA:27,POST
DA:6,27
DA:7,27
DA:9,26
DA:10,1
DA:13,25
DA:14,25
DA:16,25
DA:17,4
DA:18,4
DA:22,21
DA:27,21
DA:33,16
DA:36,3
DA:43,13
DA:45,13
DA:46,1
DA:49,12
DA:50,12
DA:58,12
DA:60,6
LF:20
LH:20
BRDA:9,0,0,1
BRDA:9,0,1,25
BRDA:9,1,0,26
BRDA:9,1,1,25
BRDA:16,2,0,4
BRDA:16,2,1,21
BRDA:16,3,0,25
BRDA:16,3,1,23
BRDA:33,4,0,3
BRDA:33,4,1,13
BRDA:33,5,0,16
BRDA:33,5,1,13
BRDA:45,6,0,1
BRDA:45,6,1,12
BRF:14
BRH:14
end_of_record
TN:
SF:app\api\admin\logout\route.ts
FN:3,POST
FNF:1
FNH:1
FNDA:7,POST
DA:4,7
DA:5,7
DA:12,7
LF:3
LH:3
BRF:0
BRH:0
end_of_record
TN:
SF:lib\admin-auth.ts
FN:30,getAdminSession
FN:75,requireAdmin
FN:77,(anonymous_2)
FNF:3
FNH:2
FNDA:5,getAdminSession
FNDA:4,requireAdmin
FNDA:0,(anonymous_2)
DA:34,5
DA:35,5
DA:39,5
DA:41,4
DA:42,1
DA:45,3
DA:51,3
DA:52,1
DA:55,2
DA:60,1
DA:76,4
DA:77,4
DA:81,4
DA:83,4
DA:84,1
DA:87,3
DA:93,3
DA:94,2
DA:97,1
LF:19
LH:19
BRDA:41,0,0,1
BRDA:41,0,1,3
BRDA:51,1,0,1
BRDA:51,1,1,2
BRDA:51,2,0,3
BRDA:51,2,1,2
BRDA:83,3,0,1
BRDA:83,3,1,3
BRDA:93,4,0,2
BRDA:93,4,1,1
BRDA:93,5,0,3
BRDA:93,5,1,2
BRF:12
BRH:12
end_of_record
TN:
SF:lib\cors.ts
FN:36,handleOptions
FN:42,withCors
FN:44,(anonymous_2)
FNF:3
FNH:3
FNDA:6,handleOptions
FNDA:4,withCors
FNDA:20,(anonymous_2)
DA:22,14
DA:25,14
DA:37,6
DA:43,4
DA:44,20
DA:46,4
LF:6
LH:6
BRDA:22,0,0,14
BRDA:22,0,1,13
BRDA:22,1,0,1
BRDA:22,1,1,12
BRF:4
BRH:4
end_of_record
TN:
SF:lib\proxy.ts
FN:6,proxy
FNF:1
FNH:1
FNDA:23,proxy
DA:7,23
DA:9,23
DA:11,23
DA:20,23
DA:24,23
DA:25,7
DA:31,16
DA:32,6
DA:33,6
DA:34,2
DA:36,4
DA:37,4
DA:38,3
DA:39,3
DA:40,3
DA:42,1
DA:46,10
DA:47,6
DA:51,4
DA:54,4
DA:56,4
DA:57,2
DA:58,2
DA:59,2
DA:60,2
DA:63,2
DA:66,1
LF:27
LH:27
BRDA:11,0,0,23
BRDA:11,0,1,22
BRDA:11,0,2,20
BRDA:11,0,3,19
BRDA:11,0,4,18
BRDA:11,0,5,18
BRDA:20,1,0,23
BRDA:20,1,1,21
BRDA:20,1,2,19
BRDA:24,2,0,7
BRDA:24,2,1,16
BRDA:31,3,0,6
BRDA:31,3,1,10
BRDA:33,4,0,2
BRDA:33,4,1,4
BRDA:37,5,0,3
BRDA:37,5,1,1
BRDA:46,6,0,6
BRDA:46,6,1,4
BRDA:56,7,0,2
BRDA:56,7,1,2
BRF:21
BRH:21
end_of_record
TN:
SF:lib\supabase.ts
FN:38,createReservation
FN:50,getReservationsForRoom
FN:62,getRooms
FN:74,generateConfirmationNumber
FN:81,convertTimeFormat
FN:94,convertFrom24To12Format
FNF:6
FNH:3
FNDA:0,createReservation
FNDA:0,getReservationsForRoom
FNDA:0,getRooms
FNDA:153,generateConfirmationNumber
FNDA:15,convertTimeFormat
FNDA:23,convertFrom24To12Format
DA:5,1
DA:39,0
DA:41,0
DA:42,0
DA:43,0
DA:46,0
DA:51,0
DA:53,0
DA:54,0
DA:55,0
DA:58,0
DA:63,0
DA:65,0
DA:66,0
DA:67,0
DA:70,0
DA:75,153
DA:76,153
DA:77,153
DA:82,15
DA:83,15
DA:86,15
DA:87,15
DA:90,15
DA:95,23
DA:96,23
DA:97,23
DA:102,23
DA:103,23
DA:105,23
LF:30
LH:15
BRDA:41,0,0,0
BRDA:41,0,1,0
BRDA:53,1,0,0
BRDA:53,1,1,0
BRDA:58,2,0,0
BRDA:58,2,1,0
BRDA:65,3,0,0
BRDA:65,3,1,0
BRDA:70,4,0,0
BRDA:70,4,1,0
BRDA:86,5,0,6
BRDA:86,5,1,9
BRDA:86,6,0,15
BRDA:86,6,1,8
BRDA:87,7,0,2
BRDA:87,7,1,13
BRDA:87,8,0,15
BRDA:87,8,1,7
BRDA:97,9,0,11
BRDA:97,9,1,12
BRDA:102,10,0,8
BRDA:102,10,1,15
BRDA:103,11,0,3
BRDA:103,11,1,20
BRF:24
BRH:14
end_of_record
